This is pdfTeX, Version 3.141592653-2.6-1.40.22 (TeX Live 2021) (preloaded format=pdflatex 2022.1.2)  1 AUG 2022 09:03
entering extended mode
 restricted \write18 enabled.
 file:line:error style messages enabled.
 %&-line parsing enabled.
**/Users/max/Documents/Studium/Masterarbeit/masterarbeit-text/sections/methods.tex
(/Users/max/Documents/Studium/Masterarbeit/masterarbeit-text/sections/methods.tex
LaTeX2e <2020-10-01> patch level 4
L3 programming layer <2021-02-18> (/usr/local/texlive/2021/texmf-dist/tex/latex/subfiles/subfiles.cls
Document Class: subfiles 2020/11/14 v2.2 Multi-file projects (class)
Preamble taken from file `../masterarbeit.tex'
(/usr/local/texlive/2021/texmf-dist/tex/latex/import/import.sty
Package: import 2020/04/01  v 6.2
) (/Users/max/Documents/Studium/Masterarbeit/masterarbeit-text/sections/../masterarbeit.tex (/usr/local/texlive/2021/texmf-dist/tex/latex/base/article.cls
Document Class: article 2020/04/10 v1.4m Standard LaTeX document class
(/usr/local/texlive/2021/texmf-dist/tex/latex/base/size12.clo
File: size12.clo 2020/04/10 v1.4m Standard LaTeX file (size option)
)
\c@part=\count179
\c@section=\count180
\c@subsection=\count181
\c@subsubsection=\count182
\c@paragraph=\count183
\c@subparagraph=\count184
\c@figure=\count185
\c@table=\count186
\abovecaptionskip=\skip47
\belowcaptionskip=\skip48
\bibindent=\dimen138
) (/usr/local/texlive/2021/texmf-dist/tex/latex/geometry/geometry.sty
Package: geometry 2020/01/02 v5.9 Page Geometry
 (/usr/local/texlive/2021/texmf-dist/tex/latex/graphics/keyval.sty
Package: keyval 2014/10/28 v1.15 key=value parser (DPC)
\KV@toks@=\toks15
) (/usr/local/texlive/2021/texmf-dist/tex/generic/iftex/ifvtex.sty
Package: ifvtex 2019/10/25 v1.7 ifvtex legacy package. Use iftex instead.
 (/usr/local/texlive/2021/texmf-dist/tex/generic/iftex/iftex.sty
Package: iftex 2020/03/06 v1.0d TeX engine tests
))
\Gm@cnth=\count187
\Gm@cntv=\count188
\c@Gm@tempcnt=\count189
\Gm@bindingoffset=\dimen139
\Gm@wd@mp=\dimen140
\Gm@odd@mp=\dimen141
\Gm@even@mp=\dimen142
\Gm@layoutwidth=\dimen143
\Gm@layoutheight=\dimen144
\Gm@layouthoffset=\dimen145
\Gm@layoutvoffset=\dimen146
\Gm@dimlist=\toks16
) (/usr/local/texlive/2021/texmf-dist/tex/latex/psnfss/times.sty
Package: times 2020/03/25 PSNFSS-v9.3 (SPQR) 
) (/usr/local/texlive/2021/texmf-dist/tex/latex/base/inputenc.sty
Package: inputenc 2020/08/01 v1.3d Input encoding file
\inpenc@prehook=\toks17
\inpenc@posthook=\toks18
) (/usr/local/texlive/2021/texmf-dist/tex/latex/listings/listings.sty
\lst@mode=\count190
\lst@gtempboxa=\box47
\lst@token=\toks19
\lst@length=\count191
\lst@currlwidth=\dimen147
\lst@column=\count192
\lst@pos=\count193
\lst@lostspace=\dimen148
\lst@width=\dimen149
\lst@newlines=\count194
\lst@lineno=\count195
\lst@maxwidth=\dimen150
 (/usr/local/texlive/2021/texmf-dist/tex/latex/listings/lstmisc.sty
File: lstmisc.sty 2020/03/24 1.8d (Carsten Heinz)
\c@lstnumber=\count196
\lst@skipnumbers=\count197
\lst@framebox=\box48
) (/usr/local/texlive/2021/texmf-dist/tex/latex/listings/listings.cfg
File: listings.cfg 2020/03/24 1.8d listings configuration
))
Package: listings 2020/03/24 1.8d (Carsten Heinz)
 (/usr/local/texlive/2021/texmf-dist/tex/latex/xcolor/xcolor.sty
Package: xcolor 2016/05/11 v2.12 LaTeX color extensions (UK)
 (/usr/local/texlive/2021/texmf-dist/tex/latex/graphics-cfg/color.cfg
File: color.cfg 2016/01/02 v1.6 sample color configuration
)
Package xcolor Info: Driver file: pdftex.def on input line 225.
 (/usr/local/texlive/2021/texmf-dist/tex/latex/graphics-def/pdftex.def
File: pdftex.def 2020/10/05 v1.2a Graphics/color driver for pdftex
)
Package xcolor Info: Model `cmy' substituted by `cmy0' on input line 1348.
Package xcolor Info: Model `hsb' substituted by `rgb' on input line 1352.
Package xcolor Info: Model `RGB' extended on input line 1364.
Package xcolor Info: Model `HTML' substituted by `rgb' on input line 1366.
Package xcolor Info: Model `Hsb' substituted by `hsb' on input line 1367.
Package xcolor Info: Model `tHsb' substituted by `hsb' on input line 1368.
Package xcolor Info: Model `HSB' substituted by `hsb' on input line 1369.
Package xcolor Info: Model `Gray' substituted by `gray' on input line 1370.
Package xcolor Info: Model `wave' substituted by `hsb' on input line 1371.
) (/usr/local/texlive/2021/texmf-dist/tex/latex/graphics/graphicx.sty
Package: graphicx 2020/09/09 v1.2b Enhanced LaTeX Graphics (DPC,SPQR)
 (/usr/local/texlive/2021/texmf-dist/tex/latex/graphics/graphics.sty
Package: graphics 2020/08/30 v1.4c Standard LaTeX Graphics (DPC,SPQR)
 (/usr/local/texlive/2021/texmf-dist/tex/latex/graphics/trig.sty
Package: trig 2016/01/03 v1.10 sin cos tan (DPC)
) (/usr/local/texlive/2021/texmf-dist/tex/latex/graphics-cfg/graphics.cfg
File: graphics.cfg 2016/06/04 v1.11 sample graphics configuration
)
Package graphics Info: Driver file: pdftex.def on input line 105.
)
\Gin@req@height=\dimen151
\Gin@req@width=\dimen152
) (/usr/local/texlive/2021/texmf-dist/tex/latex/amsmath/amsmath.sty
Package: amsmath 2020/09/23 v2.17i AMS math features
\@mathmargin=\skip49

For additional information on amsmath, use the `?' option.
(/usr/local/texlive/2021/texmf-dist/tex/latex/amsmath/amstext.sty
Package: amstext 2000/06/29 v2.01 AMS text
 (/usr/local/texlive/2021/texmf-dist/tex/latex/amsmath/amsgen.sty
File: amsgen.sty 1999/11/30 v2.0 generic functions
\@emptytoks=\toks20
\ex@=\dimen153
)) (/usr/local/texlive/2021/texmf-dist/tex/latex/amsmath/amsbsy.sty
Package: amsbsy 1999/11/29 v1.2d Bold Symbols
\pmbraise@=\dimen154
) (/usr/local/texlive/2021/texmf-dist/tex/latex/amsmath/amsopn.sty
Package: amsopn 2016/03/08 v2.02 operator names
)
\inf@bad=\count198
LaTeX Info: Redefining \frac on input line 234.
\uproot@=\count199
\leftroot@=\count266
LaTeX Info: Redefining \overline on input line 399.
\classnum@=\count267
\DOTSCASE@=\count268
LaTeX Info: Redefining \ldots on input line 496.
LaTeX Info: Redefining \dots on input line 499.
LaTeX Info: Redefining \cdots on input line 620.
\Mathstrutbox@=\box49
\strutbox@=\box50
\big@size=\dimen155
LaTeX Font Info:    Redeclaring font encoding OML on input line 743.
LaTeX Font Info:    Redeclaring font encoding OMS on input line 744.
\macc@depth=\count269
\c@MaxMatrixCols=\count270
\dotsspace@=\muskip16
\c@parentequation=\count271
\dspbrk@lvl=\count272
\tag@help=\toks21
\row@=\count273
\column@=\count274
\maxfields@=\count275
\andhelp@=\toks22
\eqnshift@=\dimen156
\alignsep@=\dimen157
\tagshift@=\dimen158
\tagwidth@=\dimen159
\totwidth@=\dimen160
\lineht@=\dimen161
\@envbody=\toks23
\multlinegap=\skip50
\multlinetaggap=\skip51
\mathdisplay@stack=\toks24
LaTeX Info: Redefining \[ on input line 2923.
LaTeX Info: Redefining \] on input line 2924.
) (/usr/local/texlive/2021/texmf-dist/tex/latex/csquotes/csquotes.sty
Package: csquotes 2021-02-22 v5.2l context-sensitive quotations (JAW)
 (/usr/local/texlive/2021/texmf-dist/tex/latex/etoolbox/etoolbox.sty
Package: etoolbox 2020/10/05 v2.5k e-TeX tools for LaTeX (JAW)
\etb@tempcnta=\count276
)
\csq@reset=\count277
\csq@gtype=\count278
\csq@glevel=\count279
\csq@qlevel=\count280
\csq@maxlvl=\count281
\csq@tshold=\count282
\csq@ltx@everypar=\toks25
 (/usr/local/texlive/2021/texmf-dist/tex/latex/csquotes/csquotes.def
File: csquotes.def 2021-02-22 v5.2l csquotes generic definitions (JAW)
)
Package csquotes Info: Trying to load configuration file 'csquotes.cfg'...
Package csquotes Info: ... configuration file loaded successfully.
 (/usr/local/texlive/2021/texmf-dist/tex/latex/csquotes/csquotes.cfg
File: csquotes.cfg 
)) (/usr/local/texlive/2021/texmf-dist/tex/latex/frankenstein/abbrevs.sty
Package: abbrevs 2001/09/08 v1.4 abbreviation macros (Frankenstein's briefs)
 (/usr/local/texlive/2021/texmf-dist/tex/latex/frankenstein/moredefs.sty
Package: moredefs 2001/08/31 v1.8 more defining commands (Frankenstein's brain)
\sc@toks@a=\toks26
\sc@toks@b=\toks27
) (/usr/local/texlive/2021/texmf-dist/tex/latex/frankenstein/slemph.sty
Package: slemph 1999/02/25 v1.2 slanted emphasis (Frankenstein's gait)
LaTeX Info: Redefining \itswitch on input line 177.
LaTeX Info: Redefining \slswitch on input line 186.
LaTeX Info: Redefining \textitswitch on input line 195.
LaTeX Info: Redefining \textslswitch on input line 196.
 (/usr/local/texlive/2021/texmf-dist/tex/latex/frankenstein/slemph.cfg
File: slemph.cfg 
))
\c@tm@util=\count283
 (/usr/local/texlive/2021/texmf-dist/tex/latex/frankenstein/abbrevs.cfg
File: abbrevs.cfg 
 (/usr/local/texlive/2021/texmf-dist/tex/latex/relsize/relsize.sty
Package: relsize 2013/03/29 ver 4.1
))) (/usr/local/texlive/2021/texmf-dist/tex/latex/biblatex/biblatex.sty
Package: biblatex 2020/12/31 v3.16 programmable bibliographies (PK/MW)
 (/usr/local/texlive/2021/texmf-dist/tex/generic/pdftexcmds/pdftexcmds.sty
Package: pdftexcmds 2020-06-27 v0.33 Utility functions of pdfTeX for LuaTeX (HO)
 (/usr/local/texlive/2021/texmf-dist/tex/generic/infwarerr/infwarerr.sty
Package: infwarerr 2019/12/03 v1.5 Providing info/warning/error messages (HO)
) (/usr/local/texlive/2021/texmf-dist/tex/generic/ltxcmds/ltxcmds.sty
Package: ltxcmds 2020-05-10 v1.25 LaTeX kernel commands for general use (HO)
)
Package pdftexcmds Info: \pdf@primitive is available.
Package pdftexcmds Info: \pdf@ifprimitive is available.
Package pdftexcmds Info: \pdfdraftmode found.
) (/usr/local/texlive/2021/texmf-dist/tex/latex/kvoptions/kvoptions.sty
Package: kvoptions 2020-10-07 v3.14 Key value format for package options (HO)
 (/usr/local/texlive/2021/texmf-dist/tex/generic/kvsetkeys/kvsetkeys.sty
Package: kvsetkeys 2019/12/15 v1.18 Key value parser (HO)
)) (/usr/local/texlive/2021/texmf-dist/tex/latex/logreq/logreq.sty
Package: logreq 2010/08/04 v1.0 xml request logger
\lrq@indent=\count284
 (/usr/local/texlive/2021/texmf-dist/tex/latex/logreq/logreq.def
File: logreq.def 2010/08/04 v1.0 logreq spec v1.0
)) (/usr/local/texlive/2021/texmf-dist/tex/latex/base/ifthen.sty
Package: ifthen 2014/09/29 v1.1c Standard LaTeX ifthen package (DPC)
) (/usr/local/texlive/2021/texmf-dist/tex/latex/url/url.sty
\Urlmuskip=\muskip17
Package: url 2013/09/16  ver 3.4  Verb mode for urls, etc.
)
\c@tabx@nest=\count285
\c@listtotal=\count286
\c@listcount=\count287
\c@liststart=\count288
\c@liststop=\count289
\c@citecount=\count290
\c@citetotal=\count291
\c@multicitecount=\count292
\c@multicitetotal=\count293
\c@instcount=\count294
\c@maxnames=\count295
\c@minnames=\count296
\c@maxitems=\count297
\c@minitems=\count298
\c@citecounter=\count299
\c@maxcitecounter=\count300
\c@savedcitecounter=\count301
\c@uniquelist=\count302
\c@uniquename=\count303
\c@refsection=\count304
\c@refsegment=\count305
\c@maxextratitle=\count306
\c@maxextratitleyear=\count307
\c@maxextraname=\count308
\c@maxextradate=\count309
\c@maxextraalpha=\count310
\c@abbrvpenalty=\count311
\c@highnamepenalty=\count312
\c@lownamepenalty=\count313
\c@maxparens=\count314
\c@parenlevel=\count315
\blx@tempcnta=\count316
\blx@tempcntb=\count317
\blx@tempcntc=\count318
\blx@maxsection=\count319
\blx@maxsegment@0=\count320
\blx@notetype=\count321
\blx@parenlevel@text=\count322
\blx@parenlevel@foot=\count323
\blx@sectionciteorder@0=\count324
\blx@entrysetcounter=\count325
\blx@biblioinstance=\count326
\labelnumberwidth=\skip52
\labelalphawidth=\skip53
\biblabelsep=\skip54
\bibitemsep=\skip55
\bibnamesep=\skip56
\bibinitsep=\skip57
\bibparsep=\skip58
\bibhang=\skip59
\blx@bcfin=\read2
\blx@bcfout=\write3
\blx@langwohyphens=\language87
\c@mincomprange=\count327
\c@maxcomprange=\count328
\c@mincompwidth=\count329
Package biblatex Info: Trying to load biblatex default data model...
Package biblatex Info: ... file 'blx-dm.def' found.
 (/usr/local/texlive/2021/texmf-dist/tex/latex/biblatex/blx-dm.def
File: blx-dm.def 2020/12/31 v3.16 biblatex localization (PK/MW)
)
Package biblatex Info: Trying to load biblatex style data model...
Package biblatex Info: ... file 'ieee.dbx' not found.
Package biblatex Info: Trying to load biblatex custom data model...
Package biblatex Info: ... file 'biblatex-dm.cfg' not found.
\c@afterword=\count330
\c@savedafterword=\count331
\c@annotator=\count332
\c@savedannotator=\count333
\c@author=\count334
\c@savedauthor=\count335
\c@bookauthor=\count336
\c@savedbookauthor=\count337
\c@commentator=\count338
\c@savedcommentator=\count339
\c@editor=\count340
\c@savededitor=\count341
\c@editora=\count342
\c@savededitora=\count343
\c@editorb=\count344
\c@savededitorb=\count345
\c@editorc=\count346
\c@savededitorc=\count347
\c@foreword=\count348
\c@savedforeword=\count349
\c@holder=\count350
\c@savedholder=\count351
\c@introduction=\count352
\c@savedintroduction=\count353
\c@namea=\count354
\c@savednamea=\count355
\c@nameb=\count356
\c@savednameb=\count357
\c@namec=\count358
\c@savednamec=\count359
\c@translator=\count360
\c@savedtranslator=\count361
\c@shortauthor=\count362
\c@savedshortauthor=\count363
\c@shorteditor=\count364
\c@savedshorteditor=\count365
\c@labelname=\count366
\c@savedlabelname=\count367
\c@institution=\count368
\c@savedinstitution=\count369
\c@lista=\count370
\c@savedlista=\count371
\c@listb=\count372
\c@savedlistb=\count373
\c@listc=\count374
\c@savedlistc=\count375
\c@listd=\count376
\c@savedlistd=\count377
\c@liste=\count378
\c@savedliste=\count379
\c@listf=\count380
\c@savedlistf=\count381
\c@location=\count382
\c@savedlocation=\count383
\c@organization=\count384
\c@savedorganization=\count385
\c@origlocation=\count386
\c@savedoriglocation=\count387
\c@origpublisher=\count388
\c@savedorigpublisher=\count389
\c@publisher=\count390
\c@savedpublisher=\count391
\c@language=\count392
\c@savedlanguage=\count393
\c@origlanguage=\count394
\c@savedoriglanguage=\count395
\c@pageref=\count396
\c@savedpageref=\count397
\shorthandwidth=\skip60
\shortjournalwidth=\skip61
\shortserieswidth=\skip62
\shorttitlewidth=\skip63
\shortauthorwidth=\skip64
\shorteditorwidth=\skip65
\locallabelnumberwidth=\skip66
\locallabelalphawidth=\skip67
\localshorthandwidth=\skip68
\localshortjournalwidth=\skip69
\localshortserieswidth=\skip70
\localshorttitlewidth=\skip71
\localshortauthorwidth=\skip72
\localshorteditorwidth=\skip73
Package biblatex Info: Trying to load compatibility code...
Package biblatex Info: ... file 'blx-compat.def' found.
 (/usr/local/texlive/2021/texmf-dist/tex/latex/biblatex/blx-compat.def
File: blx-compat.def 2020/12/31 v3.16 biblatex compatibility (PK/MW)
)
Package biblatex Info: Trying to load BibTeX backend compatibility...
Package biblatex Info: ... file 'blx-bibtex.def' found.
 (/usr/local/texlive/2021/texmf-dist/tex/latex/biblatex/blx-bibtex.def
File: blx-bibtex.def 2020/12/31 v3.16 biblatex compatibility (PK/MW)


Package biblatex Warning: Using fall-back BibTeX(8) backend:
(biblatex)                functionality may be reduced/unavailable.

)
Package biblatex Info: Trying to load generic definitions...
Package biblatex Info: ... file 'biblatex.def' found.
 (/usr/local/texlive/2021/texmf-dist/tex/latex/biblatex/biblatex.def
File: biblatex.def 2020/12/31 v3.16 biblatex compatibility (PK/MW)
\c@textcitecount=\count398
\c@textcitetotal=\count399
\c@textcitemaxnames=\count400
\c@biburlbigbreakpenalty=\count401
\c@biburlbreakpenalty=\count402
\c@biburlnumpenalty=\count403
\c@biburlucpenalty=\count404
\c@biburllcpenalty=\count405
\biburlbigskip=\muskip18
\biburlnumskip=\muskip19
\biburlucskip=\muskip20
\biburllcskip=\muskip21
\c@smartand=\count406
)
Package biblatex Info: Trying to load bibliography style 'ieee'...
Package biblatex Info: ... file 'ieee.bbx' found.
 (/usr/local/texlive/2021/texmf-dist/tex/latex/biblatex-ieee/ieee.bbx
File: ieee.bbx 2020/12/29 v1.3d biblatex bibliography style
Package biblatex Info: Trying to load bibliography style 'numeric-comp'...
Package biblatex Info: ... file 'numeric-comp.bbx' found.
 (/usr/local/texlive/2021/texmf-dist/tex/latex/biblatex/bbx/numeric-comp.bbx
File: numeric-comp.bbx 2020/12/31 v3.16 biblatex bibliography style (PK/MW)
Package biblatex Info: Trying to load bibliography style 'numeric'...
Package biblatex Info: ... file 'numeric.bbx' found.
 (/usr/local/texlive/2021/texmf-dist/tex/latex/biblatex/bbx/numeric.bbx
File: numeric.bbx 2020/12/31 v3.16 biblatex bibliography style (PK/MW)
Package biblatex Info: Trying to load bibliography style 'standard'...
Package biblatex Info: ... file 'standard.bbx' found.
 (/usr/local/texlive/2021/texmf-dist/tex/latex/biblatex/bbx/standard.bbx
File: standard.bbx 2020/12/31 v3.16 biblatex bibliography style (PK/MW)
\c@bbx:relatedcount=\count407
\c@bbx:relatedtotal=\count408
))))
Package biblatex Info: Trying to load citation style 'ieee'...
Package biblatex Info: ... file 'ieee.cbx' found.
 (/usr/local/texlive/2021/texmf-dist/tex/latex/biblatex-ieee/ieee.cbx
File: ieee.cbx 2020/12/29 v1.3d biblatex citation style
Package biblatex Info: Trying to load citation style 'numeric-comp'...
Package biblatex Info: ... file 'numeric-comp.cbx' found.
 (/usr/local/texlive/2021/texmf-dist/tex/latex/biblatex/cbx/numeric-comp.cbx
File: numeric-comp.cbx 2020/12/31 v3.16 biblatex citation style (PK/MW)
\c@cbx@tempcnta=\count409
\c@cbx@tempcntb=\count410
\c@cbx@tempcntc=\count411
\c@cbx@tempcntd=\count412
Package biblatex Info: Redefining '\cite'.
Package biblatex Info: Redefining '\parencite'.
Package biblatex Info: Redefining '\footcite'.
Package biblatex Info: Redefining '\footcitetext'.
Package biblatex Info: Redefining '\smartcite'.
Package biblatex Info: Redefining '\supercite'.
Package biblatex Info: Redefining '\textcite'.
Package biblatex Info: Redefining '\textcites'.
Package biblatex Info: Redefining '\cites'.
Package biblatex Info: Redefining '\parencites'.
Package biblatex Info: Redefining '\smartcites'.
)
Package biblatex Info: Redefining '\cite'.
Package biblatex Info: Redefining '\cites'.
)
Package biblatex Info: Trying to load configuration file...
Package biblatex Info: ... file 'biblatex.cfg' found.
 (/usr/local/texlive/2021/texmf-dist/tex/latex/biblatex/biblatex.cfg
File: biblatex.cfg 
)) (/usr/local/texlive/2021/texmf-dist/tex/generic/babel/babel.sty
Package: babel 2021/03/24 3.56 The Babel package
 (/usr/local/texlive/2021/texmf-dist/tex/generic/babel/babel.def
File: babel.def 2021/03/24 3.56 Babel common definitions
\babel@savecnt=\count413
\U@D=\dimen162
\l@babelnohyphens=\language88
 (/usr/local/texlive/2021/texmf-dist/tex/generic/babel/txtbabel.def)
\bbl@readstream=\read3
)
\bbl@dirlevel=\count414
 (/usr/local/texlive/2021/texmf-dist/tex/generic/babel-english/english.ldf
Language: english 2017/06/06 v3.3r English support from the babel system
Package babel Info: \l@canadian = using hyphenrules for english
(babel)             (\language0) on input line 102.
Package babel Info: \l@australian = using hyphenrules for ukenglish
(babel)             (\language21) on input line 105.
Package babel Info: \l@newzealand = using hyphenrules for ukenglish
(babel)             (\language21) on input line 108.
) (/usr/local/texlive/2021/texmf-dist/tex/generic/babel-german/ngerman.ldf
Language: ngerman 2021/02/27 v2.13 German support for babel (post-1996 orthography)
 (/usr/local/texlive/2021/texmf-dist/tex/generic/babel-german/ngermanb.ldf
Language: ngermanb 2021/02/27 v2.13 German support for babel (post-1996 orthography)
Package babel Info: Making " an active character on input line 122.
))) (/usr/local/texlive/2021/texmf-dist/tex/latex/subfiles/subfiles.sty
Package: subfiles 2020/11/14 v2.2 Multi-file projects (package)
)
\@input{_Configuration.aux}
\openout2 = `_Configuration.aux'.

(./_Configuration.tex)))
Package csquotes Info: Checking for multilingual support...
Package csquotes Info: ... found 'babel' package.
Package csquotes Info: Adjusting default style.
Package csquotes Info: Redefining alias 'default' -> 'ngerman'.
LaTeX Font Info:    Trying to load font information for OT1+ptm on input line 2.
 (/usr/local/texlive/2021/texmf-dist/tex/latex/psnfss/ot1ptm.fd
File: ot1ptm.fd 2001/06/04 font definitions for OT1/ptm.
) (/usr/local/texlive/2021/texmf-dist/tex/latex/l3backend/l3backend-pdftex.def
File: l3backend-pdftex.def 2021-03-18 L3 backend support: PDF output (pdfTeX)
\l__color_backend_stack_int=\count415
\l__pdf_internal_box=\box51
) (/Users/max/Documents/Studium/Masterarbeit/masterarbeit-text/sections/methods.aux)
\openout1 = `methods.aux'.

LaTeX Font Info:    Checking defaults for OML/cmm/m/it on input line 2.
LaTeX Font Info:    ... okay on input line 2.
LaTeX Font Info:    Checking defaults for OMS/cmsy/m/n on input line 2.
LaTeX Font Info:    ... okay on input line 2.
LaTeX Font Info:    Checking defaults for OT1/cmr/m/n on input line 2.
LaTeX Font Info:    ... okay on input line 2.
LaTeX Font Info:    Checking defaults for T1/cmr/m/n on input line 2.
LaTeX Font Info:    ... okay on input line 2.
LaTeX Font Info:    Checking defaults for TS1/cmr/m/n on input line 2.
LaTeX Font Info:    ... okay on input line 2.
LaTeX Font Info:    Checking defaults for OMX/cmex/m/n on input line 2.
LaTeX Font Info:    ... okay on input line 2.
LaTeX Font Info:    Checking defaults for U/cmr/m/n on input line 2.
LaTeX Font Info:    ... okay on input line 2.

*geometry* driver: auto-detecting
*geometry* detected driver: pdftex
*geometry* verbose mode - [ preamble ] result:
* driver: pdftex
* paper: a4paper
* layout: <same size as paper>
* layoutoffset:(h,v)=(0.0pt,0.0pt)
* modes: includehead includefoot 
* h-part:(L,W,R)=(71.13188pt, 455.24411pt, 71.13188pt)
* v-part:(T,H,B)=(71.13188pt, 702.78308pt, 71.13188pt)
* \paperwidth=597.50787pt
* \paperheight=845.04684pt
* \textwidth=455.24411pt
* \textheight=635.78308pt
* \oddsidemargin=-1.1381pt
* \evensidemargin=-1.1381pt
* \topmargin=-1.1381pt
* \headheight=12.0pt
* \headsep=25.0pt
* \topskip=12.0pt
* \footskip=30.0pt
* \marginparwidth=35.0pt
* \marginparsep=10.0pt
* \columnsep=10.0pt
* \skip\footins=10.8pt plus 4.0pt minus 2.0pt
* \hoffset=0.0pt
* \voffset=0.0pt
* \mag=1000
* \@twocolumnfalse
* \@twosidefalse
* \@mparswitchfalse
* \@reversemarginfalse
* (1in=72.27pt=25.4mm, 1cm=28.453pt)

\c@lstlisting=\count416
(/usr/local/texlive/2021/texmf-dist/tex/context/base/mkii/supp-pdf.mkii
[Loading MPS to PDF converter (version 2006.09.02).]
\scratchcounter=\count417
\scratchdimen=\dimen163
\scratchbox=\box52
\nofMPsegments=\count418
\nofMParguments=\count419
\everyMPshowfont=\toks28
\MPscratchCnt=\count420
\MPscratchDim=\dimen164
\MPnumerator=\count421
\makeMPintoPDFobject=\count422
\everyMPtoPDFconversion=\toks29
) (/usr/local/texlive/2021/texmf-dist/tex/latex/epstopdf-pkg/epstopdf-base.sty
Package: epstopdf-base 2020-01-24 v2.11 Base part for package epstopdf
Package epstopdf-base Info: Redefining graphics rule for `.eps' on input line 485.
 (/usr/local/texlive/2021/texmf-dist/tex/latex/latexconfig/epstopdf-sys.cfg
File: epstopdf-sys.cfg 2010/07/13 v1.3 Configuration of (r)epstopdf for TeX Live
))
Package biblatex Info: Trying to load language 'ngerman'...
Package biblatex Info: ... file 'ngerman.lbx' found.
 (/usr/local/texlive/2021/texmf-dist/tex/latex/biblatex/lbx/ngerman.lbx
File: ngerman.lbx 2020/12/31 v3.16 biblatex localization (PK/MW)
Package biblatex Info: Trying to load language 'german'...
Package biblatex Info: ... file 'german.lbx' found.
 (/usr/local/texlive/2021/texmf-dist/tex/latex/biblatex/lbx/german.lbx
File: german.lbx 2020/12/31 v3.16 biblatex localization (PK/MW)
)
Package biblatex Info: Trying to load language 'german'...
Package biblatex Info: ... file 'german.lbx' found.
 (/usr/local/texlive/2021/texmf-dist/tex/latex/biblatex/lbx/german.lbx
File: german.lbx 2020/12/31 v3.16 biblatex localization (PK/MW)
))
Package biblatex Info: Trying to load language 'english'...
Package biblatex Info: ... file 'english.lbx' found.
 (/usr/local/texlive/2021/texmf-dist/tex/latex/biblatex/lbx/english.lbx
File: english.lbx 2020/12/31 v3.16 biblatex localization (PK/MW)
)
Package biblatex Info: Input encoding 'utf8' detected.
Package biblatex Info: Automatic encoding selection.
(biblatex)             Assuming data encoding 'utf8'.
Package biblatex Info: Input encoding 'utf8' specified.
Package biblatex Info: Data encoding 'utf8' specified.
(biblatex)             No need to reencode data.
Package biblatex Info: Document encoding is UTF8 ....
 (/usr/local/texlive/2021/texmf-dist/tex/latex/l3kernel/expl3.sty
Package: expl3 2021-02-18 L3 programming layer (loader) 
)
Package biblatex Info: ... and expl3
(biblatex)             2021-02-18 L3 programming layer (loader) 
(biblatex)             is new enough (at least 2020/04/06),
(biblatex)             setting 'casechanger=expl3'.
 (/usr/local/texlive/2021/texmf-dist/tex/latex/biblatex/blx-case-expl3.sty (/usr/local/texlive/2021/texmf-dist/tex/latex/l3packages/xparse/xparse.sty (/usr/local/texlive/2021/texmf-dist/tex/latex/l3packages/xparse/xparse-2020-10-01.sty (/usr/local/texlive/2021/texmf-dist/tex/latex/l3packages/xparse/xparse-generic.tex)))
Package: blx-case-expl3 2020/12/31 v3.16 expl3 case changing code for biblatex
)
\openout3 = `methods-blx.bib'.

Package biblatex Info: Trying to load bibliographic data...
Package biblatex Info: ... file 'methods.bbl' not found.

No file methods.bbl.
Package biblatex Info: Reference section=0 on input line 2.
Package biblatex Info: Reference segment=0 on input line 2.
(/Users/max/Documents/Studium/Masterarbeit/masterarbeit-text/sections/../sections/data_preprocessing_methods.tex

LaTeX Warning: Citation 'Pragati_Preprocessing:2022' on page 1 undefined on input line 7.


LaTeX Warning: Citation 'kotsiantis2006data' on page 1 undefined on input line 7.


LaTeX Warning: Citation 'Pragati_Preprocessing:2022' on page 1 undefined on input line 8.


Overfull \hbox (53.93512pt too wide) in paragraph at lines 7--9
\OT1/ptm/m/n/12 The three main pro-blems of da-ta-sets for ma-chi-ne lear-ning are the fol-lo-wi-ng [[]]: 
 []

LaTeX Font Info:    Trying to load font information for TS1+ptm on input line 10.
(/usr/local/texlive/2021/texmf-dist/tex/latex/psnfss/ts1ptm.fd
File: ts1ptm.fd 2001/06/04 font definitions for TS1/ptm.
)

LaTeX Warning: Citation 'Pragati_Preprocessing:2022' on page 1 undefined on input line 15.


LaTeX Warning: Citation 'kotsiantis2006data' on page 1 undefined on input line 15.


LaTeX Warning: Citation 'kotsiantis2006data' on page 1 undefined on input line 16.


LaTeX Warning: Citation 'Pragati_Preprocessing:2022' on page 1 undefined on input line 17.


LaTeX Warning: Citation 'kotsiantis2006data' on page 1 undefined on input line 18.


LaTeX Warning: Citation 'Sklearn_StandardScaler:2022' on page 1 undefined on input line 19.


LaTeX Warning: Citation 'Sklearn_StandardScaler:2022' on page 1 undefined on input line 21.


LaTeX Warning: Citation 'Sklearn_StandardScaler:2022' on page 1 undefined on input line 22.


LaTeX Warning: Citation 'Sklearn_StandardScaler:2022' on page 1 undefined on input line 23.


LaTeX Warning: Citation 'Sklearn_StandardScaler:2022' on page 1 undefined on input line 24.


LaTeX Warning: Citation 'kotsiantis2006data' on page 1 undefined on input line 25.


Underfull \hbox (badness 10000) in paragraph at lines 15--27

 []


Underfull \hbox (badness 10000) in paragraph at lines 15--27

 []


Overfull \hbox (0.99483pt too wide) in paragraph at lines 15--27
\OT1/ptm/m/n/12 via-ti-on sta-ti-stics are cal-cu-la-ted on the samp-les for this pro-cess. [[]]
 []


Overfull \hbox (93.23938pt too wide) in paragraph at lines 15--27
\OT1/ptm/m/n/12 cau-se they do not be-ha-ve well if the fea-tu-res are not stan-dard nor-mal-ly dis-tri-bu-ted. [[]]
 []

[1




{/usr/local/texlive/2021/texmf-var/fonts/map/pdftex/updmap/pdftex.map}]) (/Users/max/Documents/Studium/Masterarbeit/masterarbeit-text/sections/../sections/feature_selection_methods.tex

LaTeX Warning: Citation 'ibm-overfitting:2022' on page 2 undefined on input line 9.


LaTeX Warning: Citation 'ibm-overfitting:2022' on page 2 undefined on input line 10.


LaTeX Warning: Citation 'SUBASI202091' on page 2 undefined on input line 11.

<./images//model-over-fitting.png, id=9, 977.6525pt x 423.5825pt>
File: ./images//model-over-fitting.png Graphic file (type png)
<use ./images//model-over-fitting.png>
Package pdftex.def Info: ./images//model-over-fitting.png  used on input line 14.
(pdftex.def)             Requested size: 391.05408pt x 169.43pt.

LaTeX Warning: Citation 'ibm-overfitting:2022' on page 2 undefined on input line 15.


LaTeX Warning: Citation 'CAI201870' on page 2 undefined on input line 18.


LaTeX Warning: Citation 'ALLAM2022329' on page 2 undefined on input line 18.


LaTeX Warning: Citation 'VenkateshAnuradha:2019' on page 2 undefined on input line 18.


LaTeX Warning: Citation 'CAI201870' on page 2 undefined on input line 19.


LaTeX Warning: Citation 'VenkateshAnuradha:2019' on page 2 undefined on input line 20.


LaTeX Warning: Citation 'VenkateshAnuradha:2019' on page 2 undefined on input line 20.


LaTeX Warning: Citation 'CAI201870' on page 2 undefined on input line 21.


LaTeX Warning: Citation 'ALLAM2022329' on page 2 undefined on input line 22.


LaTeX Warning: Citation 'VenkateshAnuradha:2019' on page 2 undefined on input line 23.


LaTeX Warning: Citation 'CAI201870' on page 2 undefined on input line 24.


LaTeX Warning: Citation 'VenkateshAnuradha:2019' on page 2 undefined on input line 26.


LaTeX Warning: Citation 'CAI201870' on page 2 undefined on input line 26.


LaTeX Warning: Citation 'PISNER2020101' on page 2 undefined on input line 26.


LaTeX Warning: Citation 'VenkateshAnuradha:2019' on page 2 undefined on input line 27.


LaTeX Warning: Citation 'CAI201870' on page 2 undefined on input line 27.


LaTeX Warning: Citation 'PISNER2020101' on page 2 undefined on input line 27.


LaTeX Warning: Citation 'CAI201870' on page 2 undefined on input line 28.


LaTeX Warning: Citation 'VenkateshAnuradha:2019' on page 2 undefined on input line 30.


LaTeX Warning: Citation 'CAI201870' on page 2 undefined on input line 30.


LaTeX Warning: Citation 'CAI201870' on page 2 undefined on input line 31.

<./images//FSprocess.png, id=10, 877.2775pt x 408.52625pt>
File: ./images//FSprocess.png Graphic file (type png)
<use ./images//FSprocess.png>
Package pdftex.def Info: ./images//FSprocess.png  used on input line 35.
(pdftex.def)             Requested size: 438.63768pt x 204.26262pt.

LaTeX Warning: Citation 'VenkateshAnuradha:2019' on page 2 undefined on input line 36.


LaTeX Warning: Citation 'VenkateshAnuradha:2019' on page 2 undefined on input line 40.


LaTeX Warning: Citation 'VenkateshAnuradha:2019' on page 2 undefined on input line 42.


LaTeX Warning: Citation 'Bahram:2019' on page 2 undefined on input line 44.


LaTeX Warning: Citation 'Tiwari:2021' on page 2 undefined on input line 44.


LaTeX Warning: Citation 'Bahram:2019' on page 2 undefined on input line 45.


LaTeX Warning: Citation 'Tiwari:2021' on page 2 undefined on input line 45.


Underfull \hbox (badness 10000) in paragraph at lines 9--48

 []


Underfull \hbox (badness 10000) in paragraph at lines 9--48

 []

[2] [3 <./images//model-over-fitting.png>] [4 <./images//FSprocess.png>]

LaTeX Warning: Citation 'SUBASI202091' on page 5 undefined on input line 51.


LaTeX Warning: Citation 'Scikit-learn-decision-tree:2022' on page 5 undefined on input line 54.


Overfull \hbox (33.76062pt too wide) in paragraph at lines 54--55
\OT1/ptm/m/n/12 tree can be seen as a pie-ce-wi-se con-stant approximation."[[]] 
 []


LaTeX Warning: Citation 'SUGUMARAN2007930' on page 5 undefined on input line 56.


LaTeX Warning: Citation 'Scikit-learn-decision-tree:2022' on page 5 undefined on input line 57.


LaTeX Warning: Citation 'SUBASI202091' on page 5 undefined on input line 57.


LaTeX Warning: Citation 'SUGUMARAN2007930' on page 5 undefined on input line 58.


LaTeX Warning: Citation 'SUBASI202091' on page 5 undefined on input line 58.


LaTeX Warning: Citation 'SUGUMARAN2007930' on page 5 undefined on input line 59.


LaTeX Warning: Citation 'SUBASI202091' on page 5 undefined on input line 60.


LaTeX Warning: Citation 'Scikit-learn-decision-tree:2022' on page 5 undefined on input line 61.


LaTeX Warning: Citation 'Scikit-learn-decision-tree:2022' on page 5 undefined on input line 62.


LaTeX Warning: Citation 'SUGUMARAN2007930' on page 5 undefined on input line 63.


LaTeX Warning: Citation 'SUGUMARAN2007930' on page 5 undefined on input line 65.

[5]

LaTeX Warning: Citation 'CAI201870' on page 6 undefined on input line 71.


LaTeX Warning: Citation 'LU2008887' on page 6 undefined on input line 71.


LaTeX Warning: Citation 'LU2008887' on page 6 undefined on input line 71.


LaTeX Warning: Citation 'DBLP:1912' on page 6 undefined on input line 71.


LaTeX Warning: Citation 'LU2008887' on page 6 undefined on input line 71.


LaTeX Warning: Citation 'DBLP:1912' on page 6 undefined on input line 71.


LaTeX Warning: Citation 'Yang:2018' on page 6 undefined on input line 71.


LaTeX Warning: Citation 'LU2008887' on page 6 undefined on input line 71.


LaTeX Warning: Citation 'LU2008887' on page 6 undefined on input line 72.


/Users/max/Documents/Studium/Masterarbeit/masterarbeit-text/sections/../sections/feature_selection_methods.tex:74: Package inputenc Error: Unicode character − (U+2212)
(inputenc)                not set up for use with LaTeX.

See the inputenc package documentation for explanation.
Type  H <return>  for immediate help.
 ...                                              
                                                  
l.74 ...ers \(a(0 < a < m)\) and \(b(0 < b < m −
                                                   a)\), in wich \(m\) repre...
You may provide a definition with
\DeclareUnicodeCharacter 


LaTeX Warning: Command \textellipsis invalid in math mode on input line 75.


LaTeX Warning: Citation 'LU2008887' on page 6 undefined on input line 75.


LaTeX Warning: Citation 'LU2008887' on page 6 undefined on input line 77.


LaTeX Warning: Citation 'LU2008887' on page 6 undefined on input line 83.


LaTeX Warning: Citation 'LU2008887' on page 6 undefined on input line 84.


LaTeX Warning: Citation 'LU2008887' on page 6 undefined on input line 85.


LaTeX Warning: Citation 'LU2008887' on page 6 undefined on input line 86.


LaTeX Warning: Citation 'DBLP:1912' on page 6 undefined on input line 87.


LaTeX Warning: Citation 'Yang:2018' on page 6 undefined on input line 88.


Underfull \hbox (badness 10000) in paragraph at lines 71--89

 []


Underfull \hbox (badness 10000) in paragraph at lines 71--89

 []


Underfull \hbox (badness 10000) in paragraph at lines 71--89

 []


Underfull \hbox (badness 10000) in paragraph at lines 71--89

 []


Underfull \hbox (badness 10000) in paragraph at lines 71--89

 []

[6] [7]

LaTeX Warning: Citation 'Sklearn_genetic_feature_docu:2022' on page 8 undefined on input line 90.

) (/Users/max/Documents/Studium/Masterarbeit/masterarbeit-text/sections/../sections/machine_learning_methods.tex

LaTeX Warning: Citation 'VIEIRA20201' on page 8 undefined on input line 19.


LaTeX Warning: Citation 'SUBASI202091' on page 8 undefined on input line 19.


LaTeX Warning: Citation 'SUBASI202091' on page 8 undefined on input line 23.


Overfull \hbox (114.60423pt too wide) in paragraph at lines 22--24
\OT1/ptm/m/n/12 com-pu-ter al-go-rithms and mo-dels to meet decision-making needs in real-world situations."[[]] 
 []


LaTeX Warning: Citation 'VIEIRA20201' on page 8 undefined on input line 25.


LaTeX Warning: Citation 'SUBASI202091' on page 8 undefined on input line 26.

<./images//machine_learning.png, id=40, 1030.85126pt x 459.7175pt>
File: ./images//machine_learning.png Graphic file (type png)
<use ./images//machine_learning.png>
Package pdftex.def Info: ./images//machine_learning.png  used on input line 29.
(pdftex.def)             Requested size: 412.33319pt x 183.88373pt.

LaTeX Warning: Citation 'PISNER2020101' on page 8 undefined on input line 30.


LaTeX Warning: Citation 'VIEIRA20201' on page 8 undefined on input line 33.


LaTeX Warning: Citation 'ibm-supervised-learning:2022' on page 8 undefined on input line 33.


LaTeX Warning: Citation 'PISNER2020101' on page 8 undefined on input line 33.


LaTeX Warning: Citation 'VIEIRA20201' on page 8 undefined on input line 35.


LaTeX Warning: Citation 'ibm-supervised-learning:2022' on page 8 undefined on input line 35.


LaTeX Warning: Citation 'VIEIRA20201' on page 8 undefined on input line 36.


LaTeX Warning: Citation 'VIEIRA20201' on page 8 undefined on input line 38.


LaTeX Warning: Citation 'SUBASI202091' on page 8 undefined on input line 38.


LaTeX Warning: Citation 'VIEIRA20201' on page 8 undefined on input line 39.


LaTeX Warning: Citation 'SUBASI202091' on page 8 undefined on input line 39.


LaTeX Warning: Citation 'ibm-supervised-learning:2022' on page 8 undefined on input line 40.


LaTeX Warning: Citation 'ibm-supervised-learning:2022' on page 8 undefined on input line 41.


LaTeX Warning: Citation 'VIEIRA20201' on page 8 undefined on input line 41.


LaTeX Warning: Citation 'ibm-supervised-learning:2022' on page 8 undefined on input line 42.


LaTeX Warning: Citation 'VIEIRA20201' on page 8 undefined on input line 42.


LaTeX Warning: Citation 'ionos-reinforcement-learning:2022' on page 8 undefined on input line 43.


LaTeX Warning: Citation 'VIEIRA20201' on page 8 undefined on input line 43.


LaTeX Warning: Citation 'Bahram:2019' on page 8 undefined on input line 45.


LaTeX Warning: Citation 'Tiwari:2021' on page 8 undefined on input line 45.


LaTeX Warning: Citation 'Pozdnoukhov:2008' on page 8 undefined on input line 45.


LaTeX Warning: Citation 'Bahram:2019' on page 8 undefined on input line 45.


Overfull \hbox (45.39609pt too wide) in paragraph at lines 25--46
\OT1/ptm/m/n/12 per-vi-sed, se-mi-su-per-vi-sed and re-in-for-ce-ment lear-ning. [[]] [[]]
 []


Underfull \hbox (badness 10000) in paragraph at lines 25--46

 []


Underfull \hbox (badness 10000) in paragraph at lines 25--46

 []


Underfull \hbox (badness 10000) in paragraph at lines 25--46

 []


Underfull \hbox (badness 10000) in paragraph at lines 25--46

 []


Underfull \hbox (badness 10000) in paragraph at lines 25--46

 []


LaTeX Warning: `h' float specifier changed to `ht'.

[8] [9 <./images//machine_learning.png>]

LaTeX Warning: Citation 'ibm-logistic-regression:2022' on page 10 undefined on input line 50.


LaTeX Warning: Citation 'BELYADI2021169' on page 10 undefined on input line 51.


LaTeX Warning: Citation 'ibm-logistic-regression:2022' on page 10 undefined on input line 51.


LaTeX Warning: Citation 'Sourav:2020' on page 10 undefined on input line 51.


LaTeX Warning: Citation 'SUBASI202091' on page 10 undefined on input line 51.


LaTeX Warning: Citation 'ibm-logistic-regression:2022' on page 10 undefined on input line 51.


LaTeX Warning: Citation 'Sourav:2020' on page 10 undefined on input line 51.


LaTeX Warning: Citation 'BELYADI2021169' on page 10 undefined on input line 51.


LaTeX Warning: Citation 'Sourav:2020' on page 10 undefined on input line 53.


LaTeX Warning: Citation 'BELYADI2021169' on page 10 undefined on input line 53.


LaTeX Warning: Citation 'Sourav:2020' on page 10 undefined on input line 54.


LaTeX Warning: Citation 'BELYADI2021169' on page 10 undefined on input line 54.

<./images//logisticRegression.jpg, id=48, 312.74362pt x 169.48274pt>
File: ./images//logisticRegression.jpg Graphic file (type jpg)
<use ./images//logisticRegression.jpg>
Package pdftex.def Info: ./images//logisticRegression.jpg  used on input line 57.
(pdftex.def)             Requested size: 312.74284pt x 169.48232pt.

LaTeX Warning: Citation 'BELYADI2021169' on page 10 undefined on input line 58.


LaTeX Warning: Citation 'ibm-logistic-regression:2022' on page 10 undefined on input line 62.


LaTeX Warning: Citation 'SUBASI202091' on page 10 undefined on input line 62.


LaTeX Warning: Citation 'NUSINOVICI202056' on page 10 undefined on input line 63.


LaTeX Warning: Citation 'BELYADI2021169' on page 10 undefined on input line 63.


LaTeX Warning: Citation 'SUBASI202091' on page 10 undefined on input line 64.


LaTeX Warning: Citation 'NUSINOVICI202056' on page 10 undefined on input line 64.


LaTeX Warning: Citation 'Scikit-learn-logistic-regression:2022' on page 10 undefined on input line 65.


Underfull \hbox (badness 10000) in paragraph at lines 50--66

 []


Underfull \hbox (badness 10000) in paragraph at lines 50--66

 []

[10] [11 <./images//logisticRegression.jpg>]

LaTeX Warning: Citation 'ibm-supervised-learning:2022' on page 12 undefined on input line 71.


LaTeX Warning: Citation 'SUGUMARAN2007930' on page 12 undefined on input line 71.


LaTeX Warning: Citation 'GHOLAMI2017515' on page 12 undefined on input line 71.


LaTeX Warning: Citation 'ibm-supervised-learning:2022' on page 12 undefined on input line 71.


LaTeX Warning: Citation 'Scikit-learn-svm:2022' on page 12 undefined on input line 71.


Overfull \hbox (8.78416pt too wide) in paragraph at lines 71--73
[] []\OT1/ptm/m/n/12 . Ab-dul-ha-mit Sub-a-si gi-ves a ge-ne-ral over-
 []


LaTeX Warning: Citation 'SUBASI202091' on page 12 undefined on input line 74.


LaTeX Warning: Citation 'SUBASI202091' on page 12 undefined on input line 76.


LaTeX Warning: Citation 'SUGUMARAN2007930' on page 12 undefined on input line 78.


LaTeX Warning: Citation 'PISNER2020101' on page 12 undefined on input line 79.


LaTeX Warning: Citation 'GHOLAMI2017515' on page 12 undefined on input line 80.

<./images//input_space_feature_space_svm.png, id=56, 708.6475pt x 353.32pt>
File: ./images//input_space_feature_space_svm.png Graphic file (type png)
<use ./images//input_space_feature_space_svm.png>
Package pdftex.def Info: ./images//input_space_feature_space_svm.png  used on input line 83.
(pdftex.def)             Requested size: 354.32289pt x 176.65956pt.

LaTeX Warning: Citation 'GHOLAMI2017515' on page 12 undefined on input line 84.


LaTeX Warning: Citation 'SUBASI202091' on page 12 undefined on input line 88.


LaTeX Warning: Citation 'SUGUMARAN2007930' on page 12 undefined on input line 89.


LaTeX Warning: Citation 'PISNER2020101' on page 12 undefined on input line 90.


LaTeX Warning: Citation 'GHOLAMI2017515' on page 12 undefined on input line 90.


LaTeX Warning: Citation 'SUBASI202091' on page 12 undefined on input line 91.


LaTeX Warning: Citation 'Scikit-learn-svm:2022' on page 12 undefined on input line 91.


LaTeX Warning: `h' float specifier changed to `ht'.

[12]

LaTeX Warning: Citation 'Tiwari:2021' on page 13 undefined on input line 94.


LaTeX Warning: Citation 'THURING201560' on page 13 undefined on input line 94.


LaTeX Warning: Citation 'Bahram:2019' on page 13 undefined on input line 94.


LaTeX Warning: Citation 'Pozdnoukhov:2008' on page 13 undefined on input line 94.


Overfull \hbox (24.50708pt too wide) in paragraph at lines 93--96
\OT1/ptm/m/n/12 text of avalan-che event pre-dic-ti-on and avalan-che ha-zard map-ping. [[], [],
 []

[13 <./images//input_space_feature_space_svm.png>]

LaTeX Warning: Citation 'DEMIR2005421' on page 14 undefined on input line 103.


LaTeX Warning: Citation 'analyticsvidhyaLDA:2021' on page 14 undefined on input line 103.


LaTeX Warning: Citation 'Xanthopoulos2013' on page 14 undefined on input line 103.


LaTeX Warning: Citation 'Xanthopoulos2013' on page 14 undefined on input line 103.


LaTeX Warning: Citation 'MENDLEIN2013646' on page 14 undefined on input line 104.


LaTeX Warning: Citation 'Bahram:2019' on page 14 undefined on input line 104.


LaTeX Warning: Citation 'Xanthopoulos2013' on page 14 undefined on input line 104.


LaTeX Warning: Citation 'SUBASI202091' on page 14 undefined on input line 104.


LaTeX Warning: Citation 'analyticsvidhyaLDA:2021' on page 14 undefined on input line 104.


LaTeX Warning: Citation 'MENDLEIN2013646' on page 14 undefined on input line 105.


LaTeX Warning: Citation 'Bahram:2019' on page 14 undefined on input line 105.


LaTeX Warning: Citation 'SUBASI202091' on page 14 undefined on input line 105.


LaTeX Warning: Citation 'Xanthopoulos2013' on page 14 undefined on input line 105.


LaTeX Warning: Citation 'analyticsvidhyaLDA:2021' on page 14 undefined on input line 106.


LaTeX Warning: Citation 'DEMIR2005421' on page 14 undefined on input line 106.

<./images//two_dimensions_to_one.jpg, id=65, 168.67021pt x 172.77235pt>
File: ./images//two_dimensions_to_one.jpg Graphic file (type jpg)
<use ./images//two_dimensions_to_one.jpg>
Package pdftex.def Info: ./images//two_dimensions_to_one.jpg  used on input line 109.
(pdftex.def)             Requested size: 168.66978pt x 172.77191pt.

LaTeX Warning: Citation 'Xanthopoulos2013' on page 14 undefined on input line 110.


LaTeX Warning: Citation 'Tharwat:2017' on page 14 undefined on input line 113.


LaTeX Warning: Citation 'Tharwat:2017' on page 14 undefined on input line 114.


LaTeX Warning: Citation 'Tharwat:2017' on page 14 undefined on input line 115.

<./images//non-linearly_LDA.png, id=66, 493.845pt x 681.54625pt>
File: ./images//non-linearly_LDA.png Graphic file (type png)
<use ./images//non-linearly_LDA.png>
Package pdftex.def Info: ./images//non-linearly_LDA.png  used on input line 118.
(pdftex.def)             Requested size: 246.92189pt x 340.7723pt.

LaTeX Warning: Citation 'Tharwat:2017' on page 14 undefined on input line 119.


LaTeX Warning: Citation 'MENDLEIN2013646' on page 14 undefined on input line 123.


LaTeX Warning: Citation 'analyticsvidhyaLDA:2021' on page 14 undefined on input line 123.


LaTeX Warning: Citation 'Tharwat:2017' on page 14 undefined on input line 123.


LaTeX Warning: Citation 'Tharwat:2017' on page 14 undefined on input line 124.


LaTeX Warning: Citation 'Bahram:2019' on page 14 undefined on input line 125.


LaTeX Warning: Citation 'Scikit-learn-lda:2022' on page 14 undefined on input line 126.


Overfull \hbox (9.92105pt too wide) in paragraph at lines 103--127
\OT1/ptm/m/n/12 nal sub-space by the LDA. [[]] [[]] [[]]
 []


Overfull \hbox (10.6675pt too wide) in paragraph at lines 103--127
\OT1/ptm/m/n/12 ly-sis, wich is in-clu-ded in the li-bra-ry sklearn.discriminant[]analysis is used. [[]] 
 []


LaTeX Warning: `h' float specifier changed to `ht'.


LaTeX Warning: `h' float specifier changed to `ht'.

[14]) (/Users/max/Documents/Studium/Masterarbeit/masterarbeit-text/sections/../sections/evaluation_methods.tex

LaTeX Warning: Citation 'analyticsvidhya_evaluation:2022' on page 15 undefined on input line 8.


LaTeX Warning: Citation 'jeremyjordan_evaluation:2022' on page 15 undefined on input line 9.


LaTeX Warning: Citation 'jeremyjordan_evaluation:2022' on page 15 undefined on input line 10.

[15 <./images//two_dimensions_to_one.jpg>] [16 <./images//non-linearly_LDA.png>]

LaTeX Warning: Citation 'jeremyjordan_evaluation:2022' on page 17 undefined on input line 17.

<./images//confusion_matrix_example.png, id=77, 485.815pt x 457.71pt>
File: ./images//confusion_matrix_example.png Graphic file (type png)
<use ./images//confusion_matrix_example.png>
Package pdftex.def Info: ./images//confusion_matrix_example.png  used on input line 22.
(pdftex.def)             Requested size: 291.49124pt x 274.62813pt.

LaTeX Warning: Citation 'jeremyjordan_evaluation:2022' on page 17 undefined on input line 23.


/Users/max/Documents/Studium/Masterarbeit/masterarbeit-text/sections/../sections/evaluation_methods.tex:26: LaTeX Error: There's no line here to end.

See the LaTeX manual or LaTeX Companion for explanation.
Type  H <return>  for immediate help.
 ...                                              
                                                  
l.26 
     
Your command was ignored.
Type  I <command> <return>  to replace it with another command,
or  <return>  to continue without it.


LaTeX Warning: Citation 'Kartik_evaluation:2022' on page 17 undefined on input line 36.


LaTeX Warning: Citation 'jeremyjordan_evaluation:2022' on page 17 undefined on input line 38.


Overfull \hbox (129.50871pt too wide) in paragraph at lines 38--39
[][]\OT1/ptm/m/n/12 Accu-ra-cy is de-fi-ned as the per-cen-ta-ge of cor-rect pre-dic-ti-ons for the test data."[[]] 
 []


LaTeX Warning: Citation 'Google_Acurracy:2022' on page 17 undefined on input line 42.


LaTeX Warning: Citation 'Kartik_evaluation:2022' on page 17 undefined on input line 44.


LaTeX Warning: Citation 'Kartik_evaluation:2022' on page 17 undefined on input line 45.


LaTeX Warning: Citation 'Google_Acurracy:2022' on page 17 undefined on input line 46.


Underfull \hbox (badness 10000) in paragraph at lines 40--47

 []


Underfull \hbox (badness 10000) in paragraph at lines 40--47

 []

[17 <./images//confusion_matrix_example.png>]

LaTeX Warning: Citation 'Kartik_evaluation:2022' on page 18 undefined on input line 51.


LaTeX Warning: Citation 'Kartik_evaluation:2022' on page 18 undefined on input line 54.


LaTeX Warning: Citation 'Google_Precision_Recall:2022' on page 18 undefined on input line 56.


Underfull \hbox (badness 10000) in paragraph at lines 51--57

 []


Underfull \hbox (badness 10000) in paragraph at lines 51--57

 []

<./images//PrecisionVsRecallRaiseThreshold.png, id=82, 528.2937pt x 109.8504pt>
File: ./images//PrecisionVsRecallRaiseThreshold.png Graphic file (type png)
<use ./images//PrecisionVsRecallRaiseThreshold.png>
Package pdftex.def Info: ./images//PrecisionVsRecallRaiseThreshold.png  used on input line 62.
(pdftex.def)             Requested size: 475.45995pt x 98.86443pt.

Overfull \hbox (20.21584pt too wide) in paragraph at lines 62--63
 [][] 
 []


LaTeX Warning: Citation 'Google_Precision_Recall:2022' on page 18 undefined on input line 63.


LaTeX Warning: `h' float specifier changed to `ht'.


LaTeX Warning: Citation 'Google_Precision_Recall:2022' on page 18 undefined on input line 69.


LaTeX Warning: Citation 'Kartik_evaluation:2022' on page 18 undefined on input line 72.


Underfull \hbox (badness 10000) in paragraph at lines 69--73

 []


Underfull \hbox (badness 10000) in paragraph at lines 69--73

 []


Underfull \hbox (badness 10000) in paragraph at lines 69--73

 []

[18]

LaTeX Warning: Citation 'Google_ROC_AUC:2022' on page 19 undefined on input line 76.


LaTeX Warning: Citation 'Google_ROC_AUC:2022' on page 19 undefined on input line 79.


LaTeX Warning: Citation 'Google_ROC_AUC:2022' on page 19 undefined on input line 80.


LaTeX Warning: Citation 'Google_ROC_AUC:2022' on page 19 undefined on input line 82.


LaTeX Warning: Citation 'Kartik_evaluation:2022' on page 19 undefined on input line 82.


LaTeX Warning: Citation 'analyticsvidhya_evaluation:2022' on page 19 undefined on input line 83.


Underfull \hbox (badness 10000) in paragraph at lines 76--84

 []


Underfull \hbox (badness 10000) in paragraph at lines 76--84

 []


Underfull \hbox (badness 10000) in paragraph at lines 76--84

 []


Underfull \hbox (badness 10000) in paragraph at lines 76--84

 []

<./images//ROCCurve.png, id=86, 323.5287pt x 259.9311pt>
File: ./images//ROCCurve.png Graphic file (type png)
<use ./images//ROCCurve.png>
Package pdftex.def Info: ./images//ROCCurve.png  used on input line 87.
(pdftex.def)             Requested size: 194.11871pt x 155.95985pt.

LaTeX Warning: Citation 'Google_ROC_AUC:2022' on page 19 undefined on input line 88.


LaTeX Warning: `h' float specifier changed to `ht'.


LaTeX Warning: Citation 'Google_ROC_AUC:2022' on page 19 undefined on input line 91.


Overfull \hbox (19.848pt too wide) in paragraph at lines 91--92
\OT1/ptm/m/n/12 fi-cient ap-proach cal-led AUC, which can al-so de-ter-mi-ne this in-for-ma-ti-on. [[]] 
 []


Underfull \hbox (badness 10000) in paragraph at lines 91--92

 []


Underfull \hbox (badness 10000) in paragraph at lines 91--92

 []


LaTeX Warning: Citation 'Google_ROC_AUC:2022' on page 19 undefined on input line 94.


LaTeX Warning: Citation 'analyticsvidhya_evaluation:2022' on page 19 undefined on input line 94.


LaTeX Warning: Citation 'analyticsvidhya_evaluation:2022' on page 19 undefined on input line 94.


LaTeX Warning: Citation 'analyticsvidhya_evaluation:2022' on page 19 undefined on input line 94.


Underfull \hbox (badness 10000) in paragraph at lines 94--95

 []

[19 <./images//PrecisionVsRecallRaiseThreshold.png>]
<./images//AUC.png, id=92, 633.3261pt x 554.07pt>
File: ./images//AUC.png Graphic file (type png)
<use ./images//AUC.png>
Package pdftex.def Info: ./images//AUC.png  used on input line 101.
(pdftex.def)             Requested size: 189.9993pt x 166.22227pt.


LaTeX Warning: Citation 'Google_ROC_AUC:2022' on page 20 undefined on input line 102.


/Users/max/Documents/Studium/Masterarbeit/masterarbeit-text/sections/../sections/evaluation_methods.tex:105: LaTeX Error: There's no line here to end.

See the LaTeX manual or LaTeX Companion for explanation.
Type  H <return>  for immediate help.
 ...                                              
                                                  
l.105 
      
Your command was ignored.
Type  I <command> <return>  to replace it with another command,
or  <return>  to continue without it.


LaTeX Warning: Citation 'Scikit-learn-roc-curve:2022' on page 20 undefined on input line 106.

[20 <./images//ROCCurve.png> <./images//AUC.png>]

LaTeX Warning: Citation 'Refaeilzadeh2009' on page 21 undefined on input line 112.


LaTeX Warning: Citation 'Refaeilzadeh2009' on page 21 undefined on input line 113.

<./images//K-fold.png, id=98, 731.73375pt x 126.4725pt>
File: ./images//K-fold.png Graphic file (type png)
<use ./images//K-fold.png>
Package pdftex.def Info: ./images//K-fold.png  used on input line 116.
(pdftex.def)             Requested size: 439.04364pt x 75.88408pt.

LaTeX Warning: Citation 'analyticsvidhya_cross_validation:2022' on page 21 undefined on input line 117.


LaTeX Warning: Citation 'analyticsvidhya_cross_validation:2022' on page 21 undefined on input line 120.

) [21 <./images//K-fold.png>] (/Users/max/Documents/Studium/Masterarbeit/masterarbeit-text/sections/methods.aux)

LaTeX Warning: There were undefined references.


Package biblatex Warning: Please (re)run BibTeX on the file(s):
(biblatex)                methods
(biblatex)                and rerun LaTeX afterwards.

Package logreq Info: Writing requests to 'methods.run.xml'.
\openout1 = `methods.run.xml'.

 ) 
Here is how much of TeX's memory you used:
 14018 strings out of 478994
 245463 string characters out of 5858185
 834149 words of memory out of 5000000
 31266 multiletter control sequences out of 15000+600000
 417842 words of font info for 54 fonts, out of 8000000 for 9000
 1143 hyphenation exceptions out of 8191
 88i,8n,91p,2368b,2251s stack positions out of 5000i,500n,10000p,200000b,80000s
{/usr/local/texlive/2021/texmf-dist/fonts/enc/dvips/base/8r.enc}</usr/local/texlive/2021/texmf-dist/fonts/type1/public/amsfonts/cm/cmex10.pfb></usr/local/texlive/2021/texmf-dist/fonts/type1/public/amsfonts/cm/cmmi12.pfb></usr/local/texlive/2021/texmf-dist/fonts/type1/public/amsfonts/cm/cmmi6.pfb></usr/local/texlive/2021/texmf-dist/fonts/type1/public/amsfonts/cm/cmmi8.pfb></usr/local/texlive/2021/texmf-dist/fonts/type1/public/amsfonts/cm/cmr12.pfb></usr/local/texlive/2021/texmf-dist/fonts/type1/public/amsfonts/cm/cmr8.pfb></usr/local/texlive/2021/texmf-dist/fonts/type1/public/amsfonts/cm/cmsy10.pfb></usr/local/texlive/2021/texmf-dist/fonts/type1/public/amsfonts/cm/cmsy6.pfb></usr/local/texlive/2021/texmf-dist/fonts/type1/public/amsfonts/cm/cmsy8.pfb></usr/local/texlive/2021/texmf-dist/fonts/type1/urw/times/utmb8a.pfb></usr/local/texlive/2021/texmf-dist/fonts/type1/urw/times/utmr8a.pfb>
Output written on /Users/max/Documents/Studium/Masterarbeit/masterarbeit-text/sections/methods.pdf (21 pages, 748217 bytes).
PDF statistics:
 139 PDF objects out of 1000 (max. 8388607)
 83 compressed objects within 1 object stream
 0 named destinations out of 1000 (max. 500000)
 61 words of extra memory for PDF output out of 10000 (max. 10000000)

